2020-12-31 13:55:19,472 INFO o.a.j.u.JMeterUtils: Setting Locale to en_EN
2020-12-31 13:55:19,515 INFO o.a.j.JMeter: Loading user properties from: /opt/jmeter/apache-jmeter-5.4/bin/user.properties
2020-12-31 13:55:19,516 INFO o.a.j.JMeter: Loading system properties from: /opt/jmeter/apache-jmeter-5.4/bin/system.properties
2020-12-31 13:55:19,531 INFO o.a.j.JMeter: Copyright (c) 1998-2020 The Apache Software Foundation
2020-12-31 13:55:19,531 INFO o.a.j.JMeter: Version 5.4
2020-12-31 13:55:19,531 INFO o.a.j.JMeter: java.version=1.8.0_275
2020-12-31 13:55:19,531 INFO o.a.j.JMeter: java.vm.name=OpenJDK 64-Bit Server VM
2020-12-31 13:55:19,531 INFO o.a.j.JMeter: os.name=Linux
2020-12-31 13:55:19,531 INFO o.a.j.JMeter: os.arch=amd64
2020-12-31 13:55:19,531 INFO o.a.j.JMeter: os.version=4.15.0-1102-azure
2020-12-31 13:55:19,531 INFO o.a.j.JMeter: file.encoding=UTF-8
2020-12-31 13:55:19,531 INFO o.a.j.JMeter: java.awt.headless=true
2020-12-31 13:55:19,532 INFO o.a.j.JMeter: Max memory     =1073741824
2020-12-31 13:55:19,532 INFO o.a.j.JMeter: Available Processors =2
2020-12-31 13:55:19,541 INFO o.a.j.JMeter: Default Locale=English (EN)
2020-12-31 13:55:19,541 INFO o.a.j.JMeter: JMeter  Locale=English (EN)
2020-12-31 13:55:19,541 INFO o.a.j.JMeter: JMeterHome=/opt/jmeter/apache-jmeter-5.4
2020-12-31 13:55:19,542 INFO o.a.j.JMeter: user.dir  =/home/azureuser/petclinic/spring-framework-petclinic
2020-12-31 13:55:19,542 INFO o.a.j.JMeter: PWD       =/home/azureuser/petclinic/spring-framework-petclinic
2020-12-31 13:55:19,543 INFO o.a.j.JMeter: IP: 10.0.2.5 Name: vmtraineeshipdevops.internal.cloudapp.net FullName: vmtraineeshipdevops.internal.cloudapp.net
2020-12-31 13:55:19,553 INFO o.a.j.s.FileServer: Default base='/home/azureuser/petclinic/spring-framework-petclinic'
2020-12-31 13:55:19,557 INFO o.a.j.s.FileServer: Set new base='/home/azureuser/petclinic/spring-framework-petclinic'
2020-12-31 13:55:19,766 INFO o.a.j.s.SaveService: Testplan (JMX) version: 2.2. Testlog (JTL) version: 2.2
2020-12-31 13:55:19,796 INFO o.a.j.s.SaveService: Using SaveService properties file encoding UTF-8
2020-12-31 13:55:19,808 INFO o.a.j.s.SaveService: Using SaveService properties version 5.0
2020-12-31 13:55:19,819 INFO o.a.j.s.SaveService: Loading file: /home/azureuser/petclinic/spring-framework-petclinic/petclinicjmeter.jmx
2020-12-31 13:55:19,898 INFO o.a.j.p.h.s.HTTPSamplerBase: Parser for text/html is org.apache.jmeter.protocol.http.parser.LagartoBasedHtmlParser
2020-12-31 13:55:19,898 INFO o.a.j.p.h.s.HTTPSamplerBase: Parser for application/xhtml+xml is org.apache.jmeter.protocol.http.parser.LagartoBasedHtmlParser
2020-12-31 13:55:19,898 INFO o.a.j.p.h.s.HTTPSamplerBase: Parser for application/xml is org.apache.jmeter.protocol.http.parser.LagartoBasedHtmlParser
2020-12-31 13:55:19,899 INFO o.a.j.p.h.s.HTTPSamplerBase: Parser for text/xml is org.apache.jmeter.protocol.http.parser.LagartoBasedHtmlParser
2020-12-31 13:55:19,899 INFO o.a.j.p.h.s.HTTPSamplerBase: Parser for text/vnd.wap.wml is org.apache.jmeter.protocol.http.parser.RegexpHTMLParser
2020-12-31 13:55:19,899 INFO o.a.j.p.h.s.HTTPSamplerBase: Parser for text/css is org.apache.jmeter.protocol.http.parser.CssParser
2020-12-31 13:55:19,936 INFO o.a.j.JMeter: Creating summariser <summary>
2020-12-31 13:55:19,950 INFO o.a.j.e.StandardJMeterEngine: Running the test!
2020-12-31 13:55:19,951 INFO o.a.j.s.SampleEvent: List of sample_variables: []
2020-12-31 13:55:19,951 INFO o.a.j.s.SampleEvent: List of sample_variables: []
2020-12-31 13:55:19,958 INFO o.a.j.e.u.CompoundVariable: Note: Function class names must contain the string: '.functions.'
2020-12-31 13:55:19,958 INFO o.a.j.e.u.CompoundVariable: Note: Function class names must not contain the string: '.gui.'
2020-12-31 13:55:20,493 INFO o.a.j.JMeter: Running test (1609422920493)
2020-12-31 13:55:20,548 INFO o.a.j.e.StandardJMeterEngine: Starting ThreadGroup: 1 : Users
2020-12-31 13:55:20,548 INFO o.a.j.e.StandardJMeterEngine: Starting 10 threads for group Users.
2020-12-31 13:55:20,548 INFO o.a.j.e.StandardJMeterEngine: Thread will continue on error
2020-12-31 13:55:20,548 INFO o.a.j.t.ThreadGroup: Starting thread group... number=1 threads=10 ramp-up=10 delayedStart=false
2020-12-31 13:55:20,564 INFO o.a.j.t.JMeterThread: Thread started: Users 1-1
2020-12-31 13:55:20,573 INFO o.a.j.t.ThreadGroup: Started thread group number 1
2020-12-31 13:55:20,573 INFO o.a.j.e.StandardJMeterEngine: All thread groups have been started
2020-12-31 13:55:20,580 INFO o.a.j.s.SampleResult: Note: Sample TimeStamps are START times
2020-12-31 13:55:20,580 INFO o.a.j.s.SampleResult: sampleresult.default.encoding is set to ISO-8859-1
2020-12-31 13:55:20,581 INFO o.a.j.s.SampleResult: sampleresult.useNanoTime=true
2020-12-31 13:55:20,581 INFO o.a.j.s.SampleResult: sampleresult.nanoThreadSleep=5000
2020-12-31 13:55:20,603 INFO o.a.j.t.JMeterThread: Thread is done: Users 1-1
2020-12-31 13:55:20,603 INFO o.a.j.t.JMeterThread: Thread finished: Users 1-1
2020-12-31 13:55:21,559 INFO o.a.j.t.JMeterThread: Thread started: Users 1-2
2020-12-31 13:55:21,562 INFO o.a.j.t.JMeterThread: Thread is done: Users 1-2
2020-12-31 13:55:21,562 INFO o.a.j.t.JMeterThread: Thread finished: Users 1-2
2020-12-31 13:55:22,550 INFO o.a.j.t.JMeterThread: Thread started: Users 1-3
2020-12-31 13:55:22,554 INFO o.a.j.t.JMeterThread: Thread is done: Users 1-3
2020-12-31 13:55:22,554 INFO o.a.j.t.JMeterThread: Thread finished: Users 1-3
2020-12-31 13:55:23,551 INFO o.a.j.t.JMeterThread: Thread started: Users 1-4
2020-12-31 13:55:23,554 INFO o.a.j.t.JMeterThread: Thread is done: Users 1-4
2020-12-31 13:55:23,554 INFO o.a.j.t.JMeterThread: Thread finished: Users 1-4
2020-12-31 13:55:24,550 INFO o.a.j.t.JMeterThread: Thread started: Users 1-5
2020-12-31 13:55:24,554 INFO o.a.j.t.JMeterThread: Thread is done: Users 1-5
2020-12-31 13:55:24,554 INFO o.a.j.t.JMeterThread: Thread finished: Users 1-5
2020-12-31 13:55:25,551 INFO o.a.j.t.JMeterThread: Thread started: Users 1-6
2020-12-31 13:55:25,554 INFO o.a.j.t.JMeterThread: Thread is done: Users 1-6
2020-12-31 13:55:25,554 INFO o.a.j.t.JMeterThread: Thread finished: Users 1-6
2020-12-31 13:55:26,552 INFO o.a.j.t.JMeterThread: Thread started: Users 1-7
2020-12-31 13:55:26,554 INFO o.a.j.t.JMeterThread: Thread is done: Users 1-7
2020-12-31 13:55:26,554 INFO o.a.j.t.JMeterThread: Thread finished: Users 1-7
2020-12-31 13:55:27,550 INFO o.a.j.t.JMeterThread: Thread started: Users 1-8
2020-12-31 13:55:27,553 INFO o.a.j.t.JMeterThread: Thread is done: Users 1-8
2020-12-31 13:55:27,553 INFO o.a.j.t.JMeterThread: Thread finished: Users 1-8
2020-12-31 13:55:28,550 INFO o.a.j.t.JMeterThread: Thread started: Users 1-9
2020-12-31 13:55:28,552 INFO o.a.j.t.JMeterThread: Thread is done: Users 1-9
2020-12-31 13:55:28,552 INFO o.a.j.t.JMeterThread: Thread finished: Users 1-9
2020-12-31 13:55:29,568 INFO o.a.j.t.JMeterThread: Thread started: Users 1-10
2020-12-31 13:55:29,570 INFO o.a.j.t.JMeterThread: Thread is done: Users 1-10
2020-12-31 13:55:29,570 INFO o.a.j.t.JMeterThread: Thread finished: Users 1-10
2020-12-31 13:55:29,570 INFO o.a.j.e.StandardJMeterEngine: Notifying test listeners of end of test
2020-12-31 13:55:29,572 INFO o.a.j.r.Summariser: summary =     30 in 00:00:09 =    3.3/s Avg:     0 Min:     0 Max:     0 Err:    30 (100.00%)
